<?xml version="1.0" encoding="UTF-8"?>
<!-- Generated by org.testng.reporters.JUnitReportReporter -->
<testsuite hostname="shamanth" failures="0" tests="3" name="Tests.LoginDataDrivenTest" time="28.527" errors="0" timestamp="2025-06-13T00:54:18 IST" skipped="0">
  <testcase classname="Tests.LoginDataDrivenTest" name="testLoginWithMultipleUsers" time="9.634"/>
  <testcase classname="Tests.LoginDataDrivenTest" name="testLoginWithMultipleUsers" time="6.674"/>
  <testcase classname="Tests.LoginDataDrivenTest" name="testLoginWithMultipleUsers" time="12.219"/>
</testsuite> <!-- Tests.LoginDataDrivenTest -->
