<?xml version="1.0" encoding="UTF-8"?>
<!-- Generated by org.testng.reporters.JUnitReportReporter -->
<testsuite hostname="shamanth" failures="0" tests="3" name="Tests.LoginDataDrivenTest" time="20.117" errors="0" timestamp="2025-06-13T17:46:35 IST" skipped="0">
  <testcase classname="Tests.LoginDataDrivenTest" name="testLoginWithMultipleUsers" time="6.358"/>
  <testcase classname="Tests.LoginDataDrivenTest" name="testLoginWithMultipleUsers" time="6.967"/>
  <testcase classname="Tests.LoginDataDrivenTest" name="testLoginWithMultipleUsers" time="6.792"/>
</testsuite> <!-- Tests.LoginDataDrivenTest -->
