<?xml version="1.0" encoding="UTF-8"?>
<!-- Generated by org.testng.reporters.JUnitReportReporter -->
<testsuite hostname="shamanth" failures="0" tests="1" name="Tests.AddEmployeeTest" time="9.820" errors="0" timestamp="2025-06-13T17:46:35 IST" skipped="0">
  <testcase classname="Tests.AddEmployeeTest" name="addEmployeeSuccessfully" time="9.820"/>
</testsuite> <!-- Tests.AddEmployeeTest -->
