<?xml version="1.0" encoding="UTF-8"?>
<!-- Generated by org.testng.reporters.JUnitReportReporter -->
<testsuite hostname="shamanth" failures="0" tests="3" name="Tests.LoginDataDrivenTest" time="25.009" errors="0" timestamp="2025-06-16T18:48:19 IST" skipped="0">
  <testcase classname="Tests.LoginDataDrivenTest" name="testLoginWithMultipleUsers" time="7.355"/>
  <testcase classname="Tests.LoginDataDrivenTest" name="testLoginWithMultipleUsers" time="10.697"/>
  <testcase classname="Tests.LoginDataDrivenTest" name="testLoginWithMultipleUsers" time="6.957"/>
</testsuite> <!-- Tests.LoginDataDrivenTest -->
