<?xml version="1.0" encoding="UTF-8"?>
<!-- Generated by org.testng.reporters.JUnitReportReporter -->
<testsuite hostname="shamanth" failures="0" tests="1" name="Tests.DashboardTest" time="6.623" errors="0" timestamp="2025-06-13T00:54:18 IST" skipped="0">
  <testcase classname="Tests.DashboardTest" name="verifyDashboardVisbleAfterLogin" time="6.623"/>
</testsuite> <!-- Tests.DashboardTest -->
